<?xml version="1.0" encoding="UTF-8"?>
<!-- Generated by org.testng.reporters.JUnitReportReporter -->
<testsuite hostname="MAVPUN1121205" failures="0" tests="1" name="session.Session7_QueryParameter" time="1.389" errors="0" timestamp="2024-07-27T19:21:30 IST" skipped="0">
  <testcase classname="session.Session7_QueryParameter" name="preemtiveAuth" time="1.389"/>
  <system-out/>
</testsuite> <!-- session.Session7_QueryParameter -->
