<?xml version="1.0" encoding="UTF-8"?>
<!-- Generated by org.testng.reporters.JUnitReportReporter -->
<testsuite hostname="MAVPUN1121205" failures="0" tests="1" name="session.Testing" time="0.865" errors="0" timestamp="2024-07-28T13:28:33 IST" skipped="0">
  <testcase classname="session.Testing" name="bodyTesting2" time="0.865"/>
  <system-out/>
</testsuite> <!-- session.Testing -->
