<?xml version="1.0" encoding="UTF-8"?>
<!-- Generated by org.testng.reporters.JUnitReportReporter -->
<testsuite hostname="MAVPUN1121205" failures="0" tests="1" name="session12.SeSerialozationJSONDemo" time="1.812" errors="0" timestamp="2024-05-12T18:38:06 IST" skipped="0">
  <testcase classname="session12.SeSerialozationJSONDemo" name="createUser" time="1.812"/>
  <system-out/>
</testsuite> <!-- session12.SeSerialozationJSONDemo -->
