<?xml version="1.0" encoding="UTF-8"?>
<!-- Generated by org.testng.reporters.JUnitReportReporter -->
<testsuite hostname="MAVPUN1121205" failures="0" tests="1" name="sessionPart3.session20to29.Session22_DemoNestedPayload" time="2.398" errors="0" timestamp="2024-08-16T14:37:25 IST" skipped="0">
  <testcase classname="sessionPart3.session20to29.Session22_DemoNestedPayload" name="createUser" time="2.398"/>
  <system-out/>
</testsuite> <!-- sessionPart3.session20to29.Session22_DemoNestedPayload -->
