<?xml version="1.0" encoding="UTF-8"?>
<!-- Generated by org.testng.reporters.JUnitReportReporter -->
<testsuite hostname="MAVPUN1121205" failures="0" tests="1" name="sessionPart3.session20to29.Session24_IgnoreEmptyNullandDefaultValuesInPayload2" time="0.191" errors="0" timestamp="2024-08-21T15:55:27 IST" skipped="0">
  <testcase classname="sessionPart3.session20to29.Session24_IgnoreEmptyNullandDefaultValuesInPayload2" name="createUser" time="0.191"/>
  <system-out/>
</testsuite> <!-- sessionPart3.session20to29.Session24_IgnoreEmptyNullandDefaultValuesInPayload2 -->
