<?xml version="1.0" encoding="UTF-8"?>
<!-- Generated by org.testng.reporters.JUnitReportReporter -->
<testsuite hostname="MAVPUN1121205" failures="0" tests="1" name="session.Session6_ValidateJSONResponseBody" time="1.600" errors="0" timestamp="2024-07-27T18:38:26 IST" skipped="0">
  <testcase classname="session.Session6_ValidateJSONResponseBody" name="test02" time="1.600"/>
  <system-out/>
</testsuite> <!-- session.Session6_ValidateJSONResponseBody -->
