<?xml version="1.0" encoding="UTF-8"?>
<!-- Generated by org.testng.reporters.JUnitReportReporter -->
<testsuite hostname="MAVPUN1121205" failures="0" tests="1" name="parsing.SendingViaNotePad" time="1.478" errors="0" timestamp="2024-08-06T18:36:57 IST" skipped="0">
  <testcase classname="parsing.SendingViaNotePad" name="parsing" time="1.478"/>
  <system-out/>
</testsuite> <!-- parsing.SendingViaNotePad -->
