<?xml version="1.0" encoding="UTF-8"?>
<!-- Generated by org.testng.reporters.JUnitReportReporter -->
<testsuite hostname="MAVPUN1121205" failures="0" tests="1" name="parsing.parsingDataTesting" time="1.340" errors="0" timestamp="2024-08-05T21:05:34 IST" skipped="0">
  <testcase classname="parsing.parsingDataTesting" name="bodyTesting2" time="1.340"/>
  <system-out/>
</testsuite> <!-- parsing.parsingDataTesting -->
