<?xml version="1.0" encoding="UTF-8"?>
<!-- Generated by org.testng.reporters.JUnitReportReporter -->
<testsuite hostname="MAVPUN1121205" failures="0" tests="1" name="codeStudio.FirstTestRequest" time="1.464" errors="0" timestamp="2024-05-12T13:59:17 IST" skipped="0">
  <testcase classname="codeStudio.FirstTestRequest" name="ValidateableForValidaton" time="1.464"/>
  <system-out/>
</testsuite> <!-- codeStudio.FirstTestRequest -->
