<?xml version="1.0" encoding="UTF-8"?>
<!-- Generated by org.testng.reporters.JUnitReportReporter -->
<testsuite hostname="MAVPUN1121205" failures="0" tests="1" name="session7.QueryParameterDemo" time="1.811" errors="0" timestamp="2024-05-12T17:55:06 IST" skipped="0">
  <testcase classname="session7.QueryParameterDemo" name="filterData" time="1.811"/>
  <system-out/>
</testsuite> <!-- session7.QueryParameterDemo -->
