<?xml version="1.0" encoding="UTF-8"?>
<!-- Generated by org.testng.reporters.JUnitReportReporter -->
<testsuite hostname="MAVPUN1121205" failures="0" tests="1" name="session.Session9_Authentication2" time="1.897" errors="0" timestamp="2024-07-28T13:34:17 IST" skipped="0">
  <testcase classname="session.Session9_Authentication2" name="bearerToken" time="1.897"/>
  <system-out/>
</testsuite> <!-- session.Session9_Authentication2 -->
