<?xml version="1.0" encoding="UTF-8"?>
<!-- Generated by org.testng.reporters.JUnitReportReporter -->
<testsuite hostname="MAVPUN1121205" failures="0" tests="1" name="sessionPart3.session20to29.Session28_AddHeaders" time="1.464" errors="0" timestamp="2024-08-04T18:56:52 IST" skipped="0">
  <testcase classname="sessionPart3.session20to29.Session28_AddHeaders" name="createUser" time="1.464"/>
  <system-out/>
</testsuite> <!-- sessionPart3.session20to29.Session28_AddHeaders -->
