<?xml version="1.0" encoding="UTF-8"?>
<!-- Generated by org.testng.reporters.JUnitReportReporter -->
<testsuite hostname="MAVPUN1121205" failures="0" tests="1" name="session.parsingDataTesting" time="1.385" errors="0" timestamp="2024-08-05T20:35:26 IST" skipped="0">
  <testcase classname="session.parsingDataTesting" name="bodyTesting2" time="1.385"/>
  <system-out/>
</testsuite> <!-- session.parsingDataTesting -->
