<?xml version="1.0" encoding="UTF-8"?>
<!-- Generated by org.testng.reporters.JUnitReportReporter -->
<testsuite hostname="MAVPUN1121205" failures="0" tests="1" name="session.Session2_IntroOfRestAssured" time="1.282" errors="0" timestamp="2024-07-27T13:11:49 IST" skipped="0">
  <testcase classname="session.Session2_IntroOfRestAssured" name="getRequest" time="1.282"/>
  <system-out/>
</testsuite> <!-- session.Session2_IntroOfRestAssured -->
