<?xml version="1.0" encoding="UTF-8"?>
<!-- Generated by org.testng.reporters.JUnitReportReporter -->
<testsuite hostname="MAVPUN1121205" failures="0" tests="1" name="session6.JsonResponseBody" time="1.713" errors="0" timestamp="2024-05-12T15:47:57 IST" skipped="0">
  <testcase classname="session6.JsonResponseBody" name="UserListResponseBody" time="1.713"/>
  <system-out/>
</testsuite> <!-- session6.JsonResponseBody -->
