<?xml version="1.0" encoding="UTF-8"?>
<!-- Generated by org.testng.reporters.JUnitReportReporter -->
<testsuite hostname="MAVPUN1121205" failures="0" tests="1" name="sessionPart2.session10to19.Session13_RetrieveANDquery" time="1.368" errors="0" timestamp="2024-08-04T18:53:48 IST" skipped="0">
  <testcase classname="sessionPart2.session10to19.Session13_RetrieveANDquery" name="RetrieveANDquery" time="1.368"/>
  <system-out/>
</testsuite> <!-- sessionPart2.session10to19.Session13_RetrieveANDquery -->
