<?xml version="1.0" encoding="UTF-8"?>
<!-- Generated by org.testng.reporters.JUnitReportReporter -->
<testsuite hostname="MAVPUN1121205" failures="0" tests="1" name="session.session10to19.Session17_JSONObjectUsingJacksonAPI" time="0.160" errors="0" timestamp="2024-07-28T19:18:30 IST" skipped="0">
  <testcase classname="session.session10to19.Session17_JSONObjectUsingJacksonAPI" name="JSONObjectUsingJavaMap" time="0.160"/>
  <system-out/>
</testsuite> <!-- session.session10to19.Session17_JSONObjectUsingJacksonAPI -->
