<?xml version="1.0" encoding="UTF-8"?>
<!-- Generated by org.testng.reporters.JUnitReportReporter -->
<testsuite hostname="MAVPUN1121205" failures="0" tests="1" name="session4.FirstTestRequest" time="1.246" errors="0" timestamp="2024-05-12T14:02:30 IST" skipped="0">
  <testcase classname="session4.FirstTestRequest" name="ValidateableForValidaton" time="1.246"/>
  <system-out/>
</testsuite> <!-- session4.FirstTestRequest -->
