<?xml version="1.0" encoding="UTF-8"?>
<!-- Generated by org.testng.reporters.JUnitReportReporter -->
<testsuite hostname="MAVPUN1121205" failures="0" tests="1" name="session.session10to19.Session16_JSONArrayUsingJSONobject" time="1.784" errors="0" timestamp="2024-07-28T19:10:02 IST" skipped="0">
  <testcase classname="session.session10to19.Session16_JSONArrayUsingJSONobject" name="JSONObjectUsingJavaMap" time="1.784"/>
  <system-out/>
</testsuite> <!-- session.session10to19.Session16_JSONArrayUsingJSONobject -->
