<?xml version="1.0" encoding="UTF-8"?>
<!-- Generated by org.testng.reporters.JUnitReportReporter -->
<testsuite hostname="MAVPUN1121205" failures="0" tests="1" name="session.session10to19.Session14_SendXMLDataAsPayloadInRequest" time="0.803" errors="0" timestamp="2024-07-28T18:09:05 IST" skipped="0">
  <testcase classname="session.session10to19.Session14_SendXMLDataAsPayloadInRequest" name="SendXMLDataAsPayloadInRequest2" time="0.803"/>
  <system-out/>
</testsuite> <!-- session.session10to19.Session14_SendXMLDataAsPayloadInRequest -->
