<?xml version="1.0" encoding="UTF-8"?>
<!-- Generated by org.testng.reporters.JUnitReportReporter -->
<testsuite hostname="MAVPUN1121205" failures="0" tests="1" name="sessionPart3.session20to29.Session25_POJO_IgnoreEmptyNullandDefaultValuesInPayload" time="0.262" errors="0" timestamp="2024-09-06T14:25:40 IST" skipped="0">
  <testcase classname="sessionPart3.session20to29.Session25_POJO_IgnoreEmptyNullandDefaultValuesInPayload" name="createUser" time="0.262"/>
  <system-out/>
</testsuite> <!-- sessionPart3.session20to29.Session25_POJO_IgnoreEmptyNullandDefaultValuesInPayload -->
