<?xml version="1.0" encoding="UTF-8"?>
<!-- Generated by org.testng.reporters.JUnitReportReporter -->
<testsuite hostname="MAVPUN1121205" failures="0" tests="1" name="sessionPart3.session20to29.Session22_CreatePOJOClassofNestedJSONObject.DemoNestedPayload" time="2.386" errors="0" timestamp="2024-08-03T17:22:19 IST" skipped="0">
  <testcase classname="sessionPart3.session20to29.Session22_CreatePOJOClassofNestedJSONObject.DemoNestedPayload" name="createUser" time="2.386"/>
  <system-out/>
</testsuite> <!-- sessionPart3.session20to29.Session22_CreatePOJOClassofNestedJSONObject.DemoNestedPayload -->
