<?xml version="1.0" encoding="UTF-8"?>
<!-- Generated by org.testng.reporters.JUnitReportReporter -->
<testsuite hostname="MAVPUN1121205" failures="0" tests="1" name="sessionPart3.session20to29.Session21_JSONArrayPOJODemo" time="0.785" errors="0" timestamp="2024-08-03T16:32:43 IST" skipped="0">
  <testcase classname="sessionPart3.session20to29.Session21_JSONArrayPOJODemo" name="name" time="0.785"/>
  <system-out/>
</testsuite> <!-- sessionPart3.session20to29.Session21_JSONArrayPOJODemo -->
