<?xml version="1.0" encoding="UTF-8"?>
<!-- Generated by org.testng.reporters.JUnitReportReporter -->
<testsuite hostname="MAVPUN1121205" failures="0" tests="1" name="session.session10to19.Session10_Authentication_AuthorozationKey" time="1.842" errors="0" timestamp="2024-07-28T14:23:14 IST" skipped="0">
  <testcase classname="session.session10to19.Session10_Authentication_AuthorozationKey" name="AuthorozationKey2" time="1.842"/>
  <system-out/>
</testsuite> <!-- session.session10to19.Session10_Authentication_AuthorozationKey -->
