<?xml version="1.0" encoding="UTF-8"?>
<!-- Generated by org.testng.reporters.JUnitReportReporter -->
<testsuite hostname="MAVPUN1121205" failures="0" tests="1" name="codeStudio.BasicTest" time="2.027" errors="0" timestamp="2024-05-12T12:15:03 IST" skipped="0">
  <testcase classname="codeStudio.BasicTest" name="getUsers" time="2.027"/>
  <system-out/>
</testsuite> <!-- codeStudio.BasicTest -->
