<?xml version="1.0" encoding="UTF-8"?>
<!-- Generated by org.testng.reporters.JUnitReportReporter -->
<testsuite hostname="MAVPUN1121205" failures="0" tests="1" name="sessionPart2.session10to19.Session12_DeserializetheJSONResponse" time="1.535" errors="0" timestamp="2024-08-05T14:57:59 IST" skipped="0">
  <testcase classname="sessionPart2.session10to19.Session12_DeserializetheJSONResponse" name="DeserializetheJSONResponse" time="1.535"/>
  <system-out/>
</testsuite> <!-- sessionPart2.session10to19.Session12_DeserializetheJSONResponse -->
