<?xml version="1.0" encoding="UTF-8"?>
<!-- Generated by org.testng.reporters.JUnitReportReporter -->
<testsuite hostname="MAVPUN1121205" failures="0" tests="1" name="parsing.Parsing4" time="1.960" errors="0" timestamp="2024-08-06T18:30:02 IST" skipped="0">
  <testcase classname="parsing.Parsing4" name="parsing" time="1.960"/>
  <system-out/>
</testsuite> <!-- parsing.Parsing4 -->
