<?xml version="1.0" encoding="UTF-8"?>
<!-- Generated by org.testng.reporters.JUnitReportReporter -->
<testsuite hostname="MAVPUN1121205" failures="0" tests="1" name="session.session10to19.Session18_FileUpload" time="2.185" errors="0" timestamp="2024-07-28T19:34:37 IST" skipped="0">
  <testcase classname="session.session10to19.Session18_FileUpload" name="FileUpload" time="2.185"/>
  <system-out/>
</testsuite> <!-- session.session10to19.Session18_FileUpload -->
