<?xml version="1.0" encoding="UTF-8"?>
<!-- Generated by org.testng.reporters.JUnitReportReporter -->
<testsuite hostname="MAVPUN1121205" failures="0" tests="1" name="parsing.NewClassforGit" time="2.329" errors="0" timestamp="2024-09-06T16:30:54 IST" skipped="0">
  <testcase classname="parsing.NewClassforGit" name="test" time="2.329"/>
  <system-out/>
</testsuite> <!-- parsing.NewClassforGit -->
