<?xml version="1.0" encoding="UTF-8"?>
<!-- Generated by org.testng.reporters.JUnitReportReporter -->
<testsuite hostname="MAVPUN1121205" failures="0" tests="1" name="session.Session9_Authentication_BearerToken" time="1.677" errors="0" timestamp="2024-07-28T13:39:28 IST" skipped="0">
  <testcase classname="session.Session9_Authentication_BearerToken" name="bearerToken" time="1.677"/>
  <system-out/>
</testsuite> <!-- session.Session9_Authentication_BearerToken -->
