<?xml version="1.0" encoding="UTF-8"?>
<!-- Generated by org.testng.reporters.JUnitReportReporter -->
<testsuite hostname="MAVPUN1121205" failures="0" tests="1" name="session5.ValidateResponseHeaders" time="1.062" errors="0" timestamp="2024-05-12T15:14:09 IST" skipped="0">
  <testcase classname="session5.ValidateResponseHeaders" name="headerValidation" time="1.062"/>
  <system-out/>
</testsuite> <!-- session5.ValidateResponseHeaders -->
