<?xml version="1.0" encoding="UTF-8"?>
<!-- Generated by org.testng.reporters.JUnitReportReporter -->
<testsuite hostname="MAVPUN1121205" failures="0" tests="1" name="session.Session5_ValidateHTTPresponseHeaders" time="1.125" errors="0" timestamp="2024-07-27T16:19:15 IST" skipped="0">
  <testcase classname="session.Session5_ValidateHTTPresponseHeaders" name="test01" time="1.125"/>
  <system-out/>
</testsuite> <!-- session.Session5_ValidateHTTPresponseHeaders -->
