<?xml version="1.0" encoding="UTF-8"?>
<!-- Generated by org.testng.reporters.JUnitReportReporter -->
<testsuite hostname="MAVPUN1121205" failures="0" tests="1" name="session.Session4_ValidateHTTPresponseRequests" time="1.170" errors="0" timestamp="2024-07-28T13:42:11 IST" skipped="0">
  <testcase classname="session.Session4_ValidateHTTPresponseRequests" name="test01" time="1.170"/>
  <system-out/>
</testsuite> <!-- session.Session4_ValidateHTTPresponseRequests -->
