<?xml version="1.0" encoding="UTF-8"?>
<!-- Generated by org.testng.reporters.JUnitReportReporter -->
<testsuite hostname="MAVPUN1121205" failures="0" tests="1" name="parsing.Parsing3" time="0.007" errors="0" timestamp="2024-08-06T15:30:40 IST" skipped="0">
  <testcase classname="parsing.Parsing3" name="parsing" time="0.007"/>
  <system-out/>
</testsuite> <!-- parsing.Parsing3 -->
