<?xml version="1.0" encoding="UTF-8"?>
<!-- Generated by org.testng.reporters.JUnitReportReporter -->
<testsuite hostname="MAVPUN1121205" failures="0" tests="1" name="sessionPart3.session20to29.Session20_Serialization_Derialization" time="2.244" errors="0" timestamp="2024-08-03T15:24:12 IST" skipped="0">
  <testcase classname="sessionPart3.session20to29.Session20_Serialization_Derialization" name="serialization" time="2.244"/>
  <system-out/>
</testsuite> <!-- sessionPart3.session20to29.Session20_Serialization_Derialization -->
