<?xml version="1.0" encoding="UTF-8"?>
<!-- Generated by org.testng.reporters.JUnitReportReporter -->
<testsuite hostname="MAVPUN1121205" failures="0" tests="1" name="sessionPart2.session10to19.Session17_JSONObjectUsingJacksonAPI" time="0.163" errors="0" timestamp="2024-08-05T16:38:41 IST" skipped="0">
  <testcase classname="sessionPart2.session10to19.Session17_JSONObjectUsingJacksonAPI" name="JSONObjectUsingJavaMap" time="0.163"/>
  <system-out/>
</testsuite> <!-- sessionPart2.session10to19.Session17_JSONObjectUsingJacksonAPI -->
