<?xml version="1.0" encoding="UTF-8"?>
<!-- Generated by org.testng.reporters.JUnitReportReporter -->
<testsuite hostname="MAVPUN1121205" failures="0" tests="1" name="sessionPart2.session10to19.Session18_FileUpload" time="2.392" errors="0" timestamp="2024-09-06T10:31:49 IST" skipped="0">
  <testcase classname="sessionPart2.session10to19.Session18_FileUpload" name="FileUpload" time="2.392"/>
  <system-out/>
</testsuite> <!-- sessionPart2.session10to19.Session18_FileUpload -->
