<?xml version="1.0" encoding="UTF-8"?>
<!-- Generated by org.testng.reporters.JUnitReportReporter -->
<testsuite hostname="MAVPUN1121205" failures="0" tests="1" name="session.session10to19.Session12_RetrieveANDquery" time="1.401" errors="0" timestamp="2024-07-28T14:53:27 IST" skipped="0">
  <testcase classname="session.session10to19.Session12_RetrieveANDquery" name="RetrieveANDquery" time="1.401"/>
  <system-out/>
</testsuite> <!-- session.session10to19.Session12_RetrieveANDquery -->
