<?xml version="1.0" encoding="UTF-8"?>
<!-- Generated by org.testng.reporters.JUnitReportReporter -->
<testsuite hostname="MAVPUN1121205" failures="0" tests="4" name="session.Session3_HTTPrequests" time="3.573" errors="0" timestamp="2024-07-27T14:08:36 IST" skipped="0">
  <testcase classname="session.Session3_HTTPrequests" name="postMethod" time="2.156"/>
  <system-out/>
  <testcase classname="session.Session3_HTTPrequests" name="putMethod" time="0.571"/>
  <system-out/>
  <testcase classname="session.Session3_HTTPrequests" name="patchMethod" time="0.413"/>
  <system-out/>
  <testcase classname="session.Session3_HTTPrequests" name="deleteMethod" time="0.433"/>
  <system-out/>
</testsuite> <!-- session.Session3_HTTPrequests -->
